<?xml version="1.0" encoding="UTF-8"?>
<testng-results ignored="0" total="1" passed="1" failed="0" skipped="0">
  <reporter-output>
  </reporter-output>
  <suite started-at="2022-09-21T16:26:42 IST" name="Default suite" finished-at="2022-09-21T16:26:45 IST" duration-ms="3487">
    <groups>
    </groups>
    <test started-at="2022-09-21T16:26:42 IST" name="Default test" finished-at="2022-09-21T16:26:45 IST" duration-ms="3487">
      <class name="calenderPopUps.ClearTripScenario">
        <test-method signature="calender()[pri:0, instance:calenderPopUps.ClearTripScenario@247d8ae]" started-at="2022-09-21T16:26:42 IST" name="calender" finished-at="2022-09-21T16:26:45 IST" duration-ms="3451" status="PASS">
          <reporter-output>
          </reporter-output>
        </test-method> <!-- calender -->
      </class> <!-- calenderPopUps.ClearTripScenario -->
    </test> <!-- Default test -->
  </suite> <!-- Default suite -->
</testng-results>
